<?xml version="1.0" encoding="UTF-8"?>
<testng-results ignored="0" total="1" passed="1" failed="0" skipped="0">
  <reporter-output>
  </reporter-output>
  <suite started-at="2024-03-20T11:52:02 IST" name="Default suite" finished-at="2024-03-20T11:52:17 IST" duration-ms="15364">
    <groups>
    </groups>
    <test started-at="2024-03-20T11:52:02 IST" name="Default test" finished-at="2024-03-20T11:52:17 IST" duration-ms="15364">
      <class name="Basic.OraganizationsTest">
        <test-method signature="OraganizationTest()[pri:0, instance:Basic.OraganizationsTest@4b45a2f5]" started-at="2024-03-20T11:52:02 IST" name="OraganizationTest" finished-at="2024-03-20T11:52:17 IST" duration-ms="15283" status="PASS">
          <reporter-output>
          </reporter-output>
        </test-method> <!-- OraganizationTest -->
      </class> <!-- Basic.OraganizationsTest -->
    </test> <!-- Default test -->
  </suite> <!-- Default suite -->
</testng-results>
