<?xml version="1.0" encoding="UTF-8"?>
<testng-results ignored="0" total="1" passed="1" failed="0" skipped="0">
  <reporter-output>
  </reporter-output>
  <suite started-at="2024-03-15T12:51:54 IST" name="Default suite" finished-at="2024-03-15T12:51:58 IST" duration-ms="4129">
    <groups>
    </groups>
    <test started-at="2024-03-15T12:51:54 IST" name="Default test" finished-at="2024-03-15T12:51:58 IST" duration-ms="4129">
      <class name="Basic.OraganizationsTest">
        <test-method signature="createOraganizationsTest()[pri:0, instance:Basic.OraganizationsTest@4686afc2]" started-at="2024-03-15T12:51:54 IST" name="createOraganizationsTest" finished-at="2024-03-15T12:51:58 IST" duration-ms="4033" status="PASS">
          <reporter-output>
          </reporter-output>
        </test-method> <!-- createOraganizationsTest -->
      </class> <!-- Basic.OraganizationsTest -->
    </test> <!-- Default test -->
  </suite> <!-- Default suite -->
</testng-results>
